<?xml version="1.0" encoding="UTF-8"?>
<!-- Generated by org.testng.reporters.JUnitReportReporter -->
<testsuite skipped="0" hostname="MACTAVISH" name="Framework.ValidateNavBar" tests="1" failures="0" timestamp="10 Feb 2018 09:24:55 GMT" time="0.060" errors="0">
  <testcase name="BasePageNavigation" time="0.060" classname="Framework.ValidateNavBar"/>
</testsuite> <!-- Framework.ValidateNavBar -->
