<?xml version="1.0" encoding="UTF-8"?>
<!-- Generated by org.testng.reporters.JUnitReportReporter -->
<testsuite skipped="0" hostname="MACTAVISH" name="Framework.HomePage" tests="2" failures="0" timestamp="10 Feb 2018 09:46:32 GMT" time="45.842" errors="0">
  <testcase name="BasePageNavigation" time="26.838" classname="Framework.HomePage"/>
  <testcase name="BasePageNavigation" time="19.004" classname="Framework.HomePage"/>
</testsuite> <!-- Framework.HomePage -->
