<?xml version="1.0" encoding="UTF-8"?>
<!-- Generated by org.testng.reporters.JUnitReportReporter -->
<testsuite skipped="0" hostname="MACTAVISH" name="TestCases.TC_02" tests="1" failures="0" timestamp="25 Feb 2018 18:34:48 GMT" time="25.219" errors="0">
  <testcase name="TestCase2" time="25.219" classname="TestCases.TC_02"/>
</testsuite> <!-- TestCases.TC_02 -->
