<?xml version="1.0" encoding="UTF-8"?>
<!-- Generated by org.testng.reporters.JUnitReportReporter -->
<testsuite skipped="0" hostname="MACTAVISH" name="TestCases.TC_01" tests="2" failures="0" timestamp="24 Feb 2018 13:30:31 GMT" time="47.244" errors="0">
  <testcase name="LoginPageNavigation" time="23.873" classname="TestCases.TC_01"/>
  <testcase name="LoginPageNavigation" time="23.371" classname="TestCases.TC_01"/>
</testsuite> <!-- TestCases.TC_01 -->
